<?xml version="1.0" encoding="UTF-8"?>
<!-- Generated by org.testng.reporters.JUnitReportReporter -->
<testsuite hostname="ApurboKabbo" failures="0" tests="1" name="testcases.HumayunBookListingPageTestCase" time="13.114" errors="0" timestamp="2023-04-10T18:47:04 BDT" skipped="0">
  <testcase classname="testcases.HumayunBookListingPageTestCase" name="bookAddtoCart" time="13.114"/>
  <system-out/>
</testsuite> <!-- testcases.HumayunBookListingPageTestCase -->
