<?xml version="1.0" encoding="UTF-8"?>
<!-- Generated by org.testng.reporters.JUnitReportReporter -->
<testsuite hostname="ApurboKabbo" failures="0" tests="1" name="testcases.LandingPageTestCase" time="40.098" errors="0" timestamp="2023-04-09T21:32:38 BDT" skipped="0">
  <testcase classname="testcases.LandingPageTestCase" name="writerListingSeeMoreButtonClick" time="40.098"/>
  <system-out/>
</testsuite> <!-- testcases.LandingPageTestCase -->
