<?xml version="1.0" encoding="UTF-8"?>
<!-- Generated by org.testng.reporters.JUnitReportReporter -->
<testsuite hostname="ApurboKabbo" failures="0" tests="1" name="testcases.LandingPageTestCase" time="8.296" errors="0" timestamp="2023-04-08T01:04:59 BDT" skipped="0">
  <testcase classname="testcases.LandingPageTestCase" name="test1" time="8.296"/>
  <system-out/>
</testsuite> <!-- testcases.LandingPageTestCase -->
