<?xml version="1.0" encoding="UTF-8"?>
<!-- Generated by org.testng.reporters.JUnitReportReporter -->
<testsuite hostname="ApurboKabbo" failures="0" tests="1" name="testcases.LoginTestCase" time="18.602" errors="0" timestamp="2023-04-09T21:29:02 BDT" skipped="0">
  <testcase classname="testcases.LoginTestCase" name="loginWithValidEmailInfo" time="18.602"/>
  <system-out/>
</testsuite> <!-- testcases.LoginTestCase -->
