<?xml version="1.0" encoding="UTF-8"?>
<!-- Generated by org.testng.reporters.JUnitReportReporter -->
<testsuite hostname="ApurboKabbo" failures="0" tests="1" name="testcases.ShippingPageTeseCase" time="68.693" errors="0" timestamp="2023-04-10T20:01:14 BDT" skipped="0">
  <testcase classname="testcases.ShippingPageTeseCase" name="shippingPageDataFillUp" time="68.693"/>
  <system-out/>
</testsuite> <!-- testcases.ShippingPageTeseCase -->
