<?xml version="1.0" encoding="UTF-8"?>
<!-- Generated by org.testng.reporters.JUnitReportReporter -->
<testsuite hostname="DESKTOP-ORMUMH8" failures="0" tests="1" name="testcases.CartPageTeseCase" time="44.174" errors="0" timestamp="2023-04-10T10:06:08 BDT" skipped="0">
  <testcase classname="testcases.CartPageTeseCase" name="clickOnCheckBox" time="44.174"/>
  <system-out/>
</testsuite> <!-- testcases.CartPageTeseCase -->
