<?xml version="1.0" encoding="UTF-8"?>
<!-- Generated by org.testng.reporters.JUnitReportReporter -->
<testsuite hostname="ApurboKabbo" failures="0" tests="1" name="testcases.CartPageTeseCase" time="45.129" errors="0" timestamp="2023-04-09T23:05:45 BDT" skipped="0">
  <testcase classname="testcases.CartPageTeseCase" name="clickOnPlaceOrder" time="45.129"/>
  <system-out/>
</testsuite> <!-- testcases.CartPageTeseCase -->
