<?xml version="1.0" encoding="UTF-8"?>
<!-- Generated by org.testng.reporters.JUnitReportReporter -->
<testsuite hostname="ApurboKabbo" failures="0" tests="1" name="Rokomari.com.RokomariProject.AppTest" time="0.001" errors="0" timestamp="2023-04-10T20:08:46 BDT" skipped="0">
  <testcase classname="Rokomari.com.RokomariProject.AppTest" name="testApp" time="0.001"/>
  <system-out/>
</testsuite> <!-- Rokomari.com.RokomariProject.AppTest -->
